ERROR - 2023-12-18 09:00:50 --> Error connecting to the database: mysqli_sql_exception: Access denied for user 'applifrais'@'localhost' to database 'applifrais' in P:\Documents\AP\GSB - Projet AppliFrais\applifrais-CI4.2\system\Database\MySQLi\Connection.php:171
Stack trace:
#0 P:\Documents\AP\GSB - Projet AppliFrais\applifrais-CI4.2\system\Database\MySQLi\Connection.php(171): mysqli->real_connect('localhost', 'applifrais', 'applifrais', 'applifrais', 3306, '', 0)
#1 P:\Documents\AP\GSB - Projet AppliFrais\applifrais-CI4.2\system\Database\BaseConnection.php(382): CodeIgniter\Database\MySQLi\Connection->connect(false)
#2 P:\Documents\AP\GSB - Projet AppliFrais\applifrais-CI4.2\system\Database\BaseConnection.php(561): CodeIgniter\Database\BaseConnection->initialize()
#3 P:\Documents\AP\GSB - Projet AppliFrais\applifrais-CI4.2\app\Models\DataAccess.php(31): CodeIgniter\Database\BaseConnection->query('select visiteur...', Array)
#4 P:\Documents\AP\GSB - Projet AppliFrais\applifrais-CI4.2\app\Models\Authentif.php(66): App\Models\DataAccess->getInfosVisiteur('dandre', 'opgg5')
#5 P:\Documents\AP\GSB - Projet AppliFrais\applifrais-CI4.2\app\Controllers\Anonyme.php(33): App\Models\Authentif->authentifier('dandre', 'opgg5')
#6 P:\Documents\AP\GSB - Projet AppliFrais\applifrais-CI4.2\system\CodeIgniter.php(927): App\Controllers\Anonyme->seConnecter()
#7 P:\Documents\AP\GSB - Projet AppliFrais\applifrais-CI4.2\system\CodeIgniter.php(482): CodeIgniter\CodeIgniter->runController(Object(App\Controllers\Anonyme))
#8 P:\Documents\AP\GSB - Projet AppliFrais\applifrais-CI4.2\system\CodeIgniter.php(351): CodeIgniter\CodeIgniter->handleRequest(NULL, Object(Config\Cache), false)
#9 P:\Documents\AP\GSB - Projet AppliFrais\applifrais-CI4.2\public\index.php(67): CodeIgniter\CodeIgniter->run()
#10 {main}

Next CodeIgniter\Database\Exceptions\DatabaseException: Access denied for user '****'@'localhost' to database '****' in P:\Documents\AP\GSB - Projet AppliFrais\applifrais-CI4.2\system\Database\MySQLi\Connection.php:215
Stack trace:
#0 P:\Documents\AP\GSB - Projet AppliFrais\applifrais-CI4.2\system\Database\BaseConnection.php(382): CodeIgniter\Database\MySQLi\Connection->connect(false)
#1 P:\Documents\AP\GSB - Projet AppliFrais\applifrais-CI4.2\system\Database\BaseConnection.php(561): CodeIgniter\Database\BaseConnection->initialize()
#2 P:\Documents\AP\GSB - Projet AppliFrais\applifrais-CI4.2\app\Models\DataAccess.php(31): CodeIgniter\Database\BaseConnection->query('select visiteur...', Array)
#3 P:\Documents\AP\GSB - Projet AppliFrais\applifrais-CI4.2\app\Models\Authentif.php(66): App\Models\DataAccess->getInfosVisiteur('dandre', 'opgg5')
#4 P:\Documents\AP\GSB - Projet AppliFrais\applifrais-CI4.2\app\Controllers\Anonyme.php(33): App\Models\Authentif->authentifier('dandre', 'opgg5')
#5 P:\Documents\AP\GSB - Projet AppliFrais\applifrais-CI4.2\system\CodeIgniter.php(927): App\Controllers\Anonyme->seConnecter()
#6 P:\Documents\AP\GSB - Projet AppliFrais\applifrais-CI4.2\system\CodeIgniter.php(482): CodeIgniter\CodeIgniter->runController(Object(App\Controllers\Anonyme))
#7 P:\Documents\AP\GSB - Projet AppliFrais\applifrais-CI4.2\system\CodeIgniter.php(351): CodeIgniter\CodeIgniter->handleRequest(NULL, Object(Config\Cache), false)
#8 P:\Documents\AP\GSB - Projet AppliFrais\applifrais-CI4.2\public\index.php(67): CodeIgniter\CodeIgniter->run()
#9 {main}
CRITICAL - 2023-12-18 09:00:50 --> Unable to connect to the database.
Main connection [MySQLi]: Access denied for user '****'@'localhost' to database '****'
in SYSTEMPATH\Database\BaseConnection.php on line 418.
 1 SYSTEMPATH\Database\BaseConnection.php(561): CodeIgniter\Database\BaseConnection->initialize()
 2 APPPATH\Models\DataAccess.php(31): CodeIgniter\Database\BaseConnection->query('select visiteur.id as id, visiteur.nom as nom, visiteur.prenom as prenom 
				from visiteur 
				where visiteur.login=? and visiteur.mdp=?', [...])
 3 APPPATH\Models\Authentif.php(66): App\Models\DataAccess->getInfosVisiteur('dandre', 'opgg5')
 4 APPPATH\Controllers\Anonyme.php(33): App\Models\Authentif->authentifier('dandre', 'opgg5')
 5 SYSTEMPATH\CodeIgniter.php(927): App\Controllers\Anonyme->seConnecter()
 6 SYSTEMPATH\CodeIgniter.php(482): CodeIgniter\CodeIgniter->runController(Object(App\Controllers\Anonyme))
 7 SYSTEMPATH\CodeIgniter.php(351): CodeIgniter\CodeIgniter->handleRequest(null, Object(Config\Cache), false)
 8 FCPATH\index.php(67): CodeIgniter\CodeIgniter->run()
ERROR - 2023-12-18 09:01:03 --> Error connecting to the database: mysqli_sql_exception: Access denied for user 'applifrais'@'localhost' to database 'applifrais' in P:\Documents\AP\GSB - Projet AppliFrais\applifrais-CI4.2\system\Database\MySQLi\Connection.php:171
Stack trace:
#0 P:\Documents\AP\GSB - Projet AppliFrais\applifrais-CI4.2\system\Database\MySQLi\Connection.php(171): mysqli->real_connect('localhost', 'applifrais', 'applifrais', 'applifrais', 3306, '', 0)
#1 P:\Documents\AP\GSB - Projet AppliFrais\applifrais-CI4.2\system\Database\BaseConnection.php(382): CodeIgniter\Database\MySQLi\Connection->connect(false)
#2 P:\Documents\AP\GSB - Projet AppliFrais\applifrais-CI4.2\system\Database\BaseConnection.php(561): CodeIgniter\Database\BaseConnection->initialize()
#3 P:\Documents\AP\GSB - Projet AppliFrais\applifrais-CI4.2\app\Models\DataAccess.php(31): CodeIgniter\Database\BaseConnection->query('select visiteur...', Array)
#4 P:\Documents\AP\GSB - Projet AppliFrais\applifrais-CI4.2\app\Models\Authentif.php(66): App\Models\DataAccess->getInfosVisiteur('dandre', 'oppg5')
#5 P:\Documents\AP\GSB - Projet AppliFrais\applifrais-CI4.2\app\Controllers\Anonyme.php(33): App\Models\Authentif->authentifier('dandre', 'oppg5')
#6 P:\Documents\AP\GSB - Projet AppliFrais\applifrais-CI4.2\system\CodeIgniter.php(927): App\Controllers\Anonyme->seConnecter()
#7 P:\Documents\AP\GSB - Projet AppliFrais\applifrais-CI4.2\system\CodeIgniter.php(482): CodeIgniter\CodeIgniter->runController(Object(App\Controllers\Anonyme))
#8 P:\Documents\AP\GSB - Projet AppliFrais\applifrais-CI4.2\system\CodeIgniter.php(351): CodeIgniter\CodeIgniter->handleRequest(NULL, Object(Config\Cache), false)
#9 P:\Documents\AP\GSB - Projet AppliFrais\applifrais-CI4.2\public\index.php(67): CodeIgniter\CodeIgniter->run()
#10 {main}

Next CodeIgniter\Database\Exceptions\DatabaseException: Access denied for user '****'@'localhost' to database '****' in P:\Documents\AP\GSB - Projet AppliFrais\applifrais-CI4.2\system\Database\MySQLi\Connection.php:215
Stack trace:
#0 P:\Documents\AP\GSB - Projet AppliFrais\applifrais-CI4.2\system\Database\BaseConnection.php(382): CodeIgniter\Database\MySQLi\Connection->connect(false)
#1 P:\Documents\AP\GSB - Projet AppliFrais\applifrais-CI4.2\system\Database\BaseConnection.php(561): CodeIgniter\Database\BaseConnection->initialize()
#2 P:\Documents\AP\GSB - Projet AppliFrais\applifrais-CI4.2\app\Models\DataAccess.php(31): CodeIgniter\Database\BaseConnection->query('select visiteur...', Array)
#3 P:\Documents\AP\GSB - Projet AppliFrais\applifrais-CI4.2\app\Models\Authentif.php(66): App\Models\DataAccess->getInfosVisiteur('dandre', 'oppg5')
#4 P:\Documents\AP\GSB - Projet AppliFrais\applifrais-CI4.2\app\Controllers\Anonyme.php(33): App\Models\Authentif->authentifier('dandre', 'oppg5')
#5 P:\Documents\AP\GSB - Projet AppliFrais\applifrais-CI4.2\system\CodeIgniter.php(927): App\Controllers\Anonyme->seConnecter()
#6 P:\Documents\AP\GSB - Projet AppliFrais\applifrais-CI4.2\system\CodeIgniter.php(482): CodeIgniter\CodeIgniter->runController(Object(App\Controllers\Anonyme))
#7 P:\Documents\AP\GSB - Projet AppliFrais\applifrais-CI4.2\system\CodeIgniter.php(351): CodeIgniter\CodeIgniter->handleRequest(NULL, Object(Config\Cache), false)
#8 P:\Documents\AP\GSB - Projet AppliFrais\applifrais-CI4.2\public\index.php(67): CodeIgniter\CodeIgniter->run()
#9 {main}
CRITICAL - 2023-12-18 09:01:03 --> Unable to connect to the database.
Main connection [MySQLi]: Access denied for user '****'@'localhost' to database '****'
in SYSTEMPATH\Database\BaseConnection.php on line 418.
 1 SYSTEMPATH\Database\BaseConnection.php(561): CodeIgniter\Database\BaseConnection->initialize()
 2 APPPATH\Models\DataAccess.php(31): CodeIgniter\Database\BaseConnection->query('select visiteur.id as id, visiteur.nom as nom, visiteur.prenom as prenom 
				from visiteur 
				where visiteur.login=? and visiteur.mdp=?', [...])
 3 APPPATH\Models\Authentif.php(66): App\Models\DataAccess->getInfosVisiteur('dandre', 'oppg5')
 4 APPPATH\Controllers\Anonyme.php(33): App\Models\Authentif->authentifier('dandre', 'oppg5')
 5 SYSTEMPATH\CodeIgniter.php(927): App\Controllers\Anonyme->seConnecter()
 6 SYSTEMPATH\CodeIgniter.php(482): CodeIgniter\CodeIgniter->runController(Object(App\Controllers\Anonyme))
 7 SYSTEMPATH\CodeIgniter.php(351): CodeIgniter\CodeIgniter->handleRequest(null, Object(Config\Cache), false)
 8 FCPATH\index.php(67): CodeIgniter\CodeIgniter->run()
ERROR - 2023-12-18 09:01:09 --> Error connecting to the database: mysqli_sql_exception: Access denied for user 'applifrais'@'localhost' to database 'applifrais' in P:\Documents\AP\GSB - Projet AppliFrais\applifrais-CI4.2\system\Database\MySQLi\Connection.php:171
Stack trace:
#0 P:\Documents\AP\GSB - Projet AppliFrais\applifrais-CI4.2\system\Database\MySQLi\Connection.php(171): mysqli->real_connect('localhost', 'applifrais', 'applifrais', 'applifrais', 3306, '', 0)
#1 P:\Documents\AP\GSB - Projet AppliFrais\applifrais-CI4.2\system\Database\BaseConnection.php(382): CodeIgniter\Database\MySQLi\Connection->connect(false)
#2 P:\Documents\AP\GSB - Projet AppliFrais\applifrais-CI4.2\system\Database\BaseConnection.php(561): CodeIgniter\Database\BaseConnection->initialize()
#3 P:\Documents\AP\GSB - Projet AppliFrais\applifrais-CI4.2\app\Models\DataAccess.php(31): CodeIgniter\Database\BaseConnection->query('select visiteur...', Array)
#4 P:\Documents\AP\GSB - Projet AppliFrais\applifrais-CI4.2\app\Models\Authentif.php(66): App\Models\DataAccess->getInfosVisiteur('dandre', 'oppg5')
#5 P:\Documents\AP\GSB - Projet AppliFrais\applifrais-CI4.2\app\Controllers\Anonyme.php(33): App\Models\Authentif->authentifier('dandre', 'oppg5')
#6 P:\Documents\AP\GSB - Projet AppliFrais\applifrais-CI4.2\system\CodeIgniter.php(927): App\Controllers\Anonyme->seConnecter()
#7 P:\Documents\AP\GSB - Projet AppliFrais\applifrais-CI4.2\system\CodeIgniter.php(482): CodeIgniter\CodeIgniter->runController(Object(App\Controllers\Anonyme))
#8 P:\Documents\AP\GSB - Projet AppliFrais\applifrais-CI4.2\system\CodeIgniter.php(351): CodeIgniter\CodeIgniter->handleRequest(NULL, Object(Config\Cache), false)
#9 P:\Documents\AP\GSB - Projet AppliFrais\applifrais-CI4.2\public\index.php(67): CodeIgniter\CodeIgniter->run()
#10 {main}

Next CodeIgniter\Database\Exceptions\DatabaseException: Access denied for user '****'@'localhost' to database '****' in P:\Documents\AP\GSB - Projet AppliFrais\applifrais-CI4.2\system\Database\MySQLi\Connection.php:215
Stack trace:
#0 P:\Documents\AP\GSB - Projet AppliFrais\applifrais-CI4.2\system\Database\BaseConnection.php(382): CodeIgniter\Database\MySQLi\Connection->connect(false)
#1 P:\Documents\AP\GSB - Projet AppliFrais\applifrais-CI4.2\system\Database\BaseConnection.php(561): CodeIgniter\Database\BaseConnection->initialize()
#2 P:\Documents\AP\GSB - Projet AppliFrais\applifrais-CI4.2\app\Models\DataAccess.php(31): CodeIgniter\Database\BaseConnection->query('select visiteur...', Array)
#3 P:\Documents\AP\GSB - Projet AppliFrais\applifrais-CI4.2\app\Models\Authentif.php(66): App\Models\DataAccess->getInfosVisiteur('dandre', 'oppg5')
#4 P:\Documents\AP\GSB - Projet AppliFrais\applifrais-CI4.2\app\Controllers\Anonyme.php(33): App\Models\Authentif->authentifier('dandre', 'oppg5')
#5 P:\Documents\AP\GSB - Projet AppliFrais\applifrais-CI4.2\system\CodeIgniter.php(927): App\Controllers\Anonyme->seConnecter()
#6 P:\Documents\AP\GSB - Projet AppliFrais\applifrais-CI4.2\system\CodeIgniter.php(482): CodeIgniter\CodeIgniter->runController(Object(App\Controllers\Anonyme))
#7 P:\Documents\AP\GSB - Projet AppliFrais\applifrais-CI4.2\system\CodeIgniter.php(351): CodeIgniter\CodeIgniter->handleRequest(NULL, Object(Config\Cache), false)
#8 P:\Documents\AP\GSB - Projet AppliFrais\applifrais-CI4.2\public\index.php(67): CodeIgniter\CodeIgniter->run()
#9 {main}
CRITICAL - 2023-12-18 09:01:09 --> Unable to connect to the database.
Main connection [MySQLi]: Access denied for user '****'@'localhost' to database '****'
in SYSTEMPATH\Database\BaseConnection.php on line 418.
 1 SYSTEMPATH\Database\BaseConnection.php(561): CodeIgniter\Database\BaseConnection->initialize()
 2 APPPATH\Models\DataAccess.php(31): CodeIgniter\Database\BaseConnection->query('select visiteur.id as id, visiteur.nom as nom, visiteur.prenom as prenom 
				from visiteur 
				where visiteur.login=? and visiteur.mdp=?', [...])
 3 APPPATH\Models\Authentif.php(66): App\Models\DataAccess->getInfosVisiteur('dandre', 'oppg5')
 4 APPPATH\Controllers\Anonyme.php(33): App\Models\Authentif->authentifier('dandre', 'oppg5')
 5 SYSTEMPATH\CodeIgniter.php(927): App\Controllers\Anonyme->seConnecter()
 6 SYSTEMPATH\CodeIgniter.php(482): CodeIgniter\CodeIgniter->runController(Object(App\Controllers\Anonyme))
 7 SYSTEMPATH\CodeIgniter.php(351): CodeIgniter\CodeIgniter->handleRequest(null, Object(Config\Cache), false)
 8 FCPATH\index.php(67): CodeIgniter\CodeIgniter->run()
ERROR - 2023-12-18 09:01:29 --> Error connecting to the database: mysqli_sql_exception: Access denied for user 'applifrais'@'localhost' to database 'applifrais' in P:\Documents\AP\GSB - Projet AppliFrais\applifrais-CI4.2\system\Database\MySQLi\Connection.php:171
Stack trace:
#0 P:\Documents\AP\GSB - Projet AppliFrais\applifrais-CI4.2\system\Database\MySQLi\Connection.php(171): mysqli->real_connect('localhost', 'applifrais', 'applifrais', 'applifrais', 3306, '', 0)
#1 P:\Documents\AP\GSB - Projet AppliFrais\applifrais-CI4.2\system\Database\BaseConnection.php(382): CodeIgniter\Database\MySQLi\Connection->connect(false)
#2 P:\Documents\AP\GSB - Projet AppliFrais\applifrais-CI4.2\system\Database\BaseConnection.php(561): CodeIgniter\Database\BaseConnection->initialize()
#3 P:\Documents\AP\GSB - Projet AppliFrais\applifrais-CI4.2\app\Models\DataAccess.php(31): CodeIgniter\Database\BaseConnection->query('select visiteur...', Array)
#4 P:\Documents\AP\GSB - Projet AppliFrais\applifrais-CI4.2\app\Models\Authentif.php(66): App\Models\DataAccess->getInfosVisiteur(NULL, NULL)
#5 P:\Documents\AP\GSB - Projet AppliFrais\applifrais-CI4.2\app\Controllers\Anonyme.php(33): App\Models\Authentif->authentifier(NULL, NULL)
#6 P:\Documents\AP\GSB - Projet AppliFrais\applifrais-CI4.2\system\CodeIgniter.php(927): App\Controllers\Anonyme->seConnecter()
#7 P:\Documents\AP\GSB - Projet AppliFrais\applifrais-CI4.2\system\CodeIgniter.php(482): CodeIgniter\CodeIgniter->runController(Object(App\Controllers\Anonyme))
#8 P:\Documents\AP\GSB - Projet AppliFrais\applifrais-CI4.2\system\CodeIgniter.php(351): CodeIgniter\CodeIgniter->handleRequest(NULL, Object(Config\Cache), false)
#9 P:\Documents\AP\GSB - Projet AppliFrais\applifrais-CI4.2\public\index.php(67): CodeIgniter\CodeIgniter->run()
#10 {main}

Next CodeIgniter\Database\Exceptions\DatabaseException: Access denied for user '****'@'localhost' to database '****' in P:\Documents\AP\GSB - Projet AppliFrais\applifrais-CI4.2\system\Database\MySQLi\Connection.php:215
Stack trace:
#0 P:\Documents\AP\GSB - Projet AppliFrais\applifrais-CI4.2\system\Database\BaseConnection.php(382): CodeIgniter\Database\MySQLi\Connection->connect(false)
#1 P:\Documents\AP\GSB - Projet AppliFrais\applifrais-CI4.2\system\Database\BaseConnection.php(561): CodeIgniter\Database\BaseConnection->initialize()
#2 P:\Documents\AP\GSB - Projet AppliFrais\applifrais-CI4.2\app\Models\DataAccess.php(31): CodeIgniter\Database\BaseConnection->query('select visiteur...', Array)
#3 P:\Documents\AP\GSB - Projet AppliFrais\applifrais-CI4.2\app\Models\Authentif.php(66): App\Models\DataAccess->getInfosVisiteur(NULL, NULL)
#4 P:\Documents\AP\GSB - Projet AppliFrais\applifrais-CI4.2\app\Controllers\Anonyme.php(33): App\Models\Authentif->authentifier(NULL, NULL)
#5 P:\Documents\AP\GSB - Projet AppliFrais\applifrais-CI4.2\system\CodeIgniter.php(927): App\Controllers\Anonyme->seConnecter()
#6 P:\Documents\AP\GSB - Projet AppliFrais\applifrais-CI4.2\system\CodeIgniter.php(482): CodeIgniter\CodeIgniter->runController(Object(App\Controllers\Anonyme))
#7 P:\Documents\AP\GSB - Projet AppliFrais\applifrais-CI4.2\system\CodeIgniter.php(351): CodeIgniter\CodeIgniter->handleRequest(NULL, Object(Config\Cache), false)
#8 P:\Documents\AP\GSB - Projet AppliFrais\applifrais-CI4.2\public\index.php(67): CodeIgniter\CodeIgniter->run()
#9 {main}
CRITICAL - 2023-12-18 09:01:29 --> Unable to connect to the database.
Main connection [MySQLi]: Access denied for user '****'@'localhost' to database '****'
in SYSTEMPATH\Database\BaseConnection.php on line 418.
 1 SYSTEMPATH\Database\BaseConnection.php(561): CodeIgniter\Database\BaseConnection->initialize()
 2 APPPATH\Models\DataAccess.php(31): CodeIgniter\Database\BaseConnection->query('select visiteur.id as id, visiteur.nom as nom, visiteur.prenom as prenom 
				from visiteur 
				where visiteur.login=? and visiteur.mdp=?', [...])
 3 APPPATH\Models\Authentif.php(66): App\Models\DataAccess->getInfosVisiteur(null, null)
 4 APPPATH\Controllers\Anonyme.php(33): App\Models\Authentif->authentifier(null, null)
 5 SYSTEMPATH\CodeIgniter.php(927): App\Controllers\Anonyme->seConnecter()
 6 SYSTEMPATH\CodeIgniter.php(482): CodeIgniter\CodeIgniter->runController(Object(App\Controllers\Anonyme))
 7 SYSTEMPATH\CodeIgniter.php(351): CodeIgniter\CodeIgniter->handleRequest(null, Object(Config\Cache), false)
 8 FCPATH\index.php(67): CodeIgniter\CodeIgniter->run()
