CRITICAL - 2024-03-12 07:29:25 --> Invalid file: errors/html/error_401.php
in SYSTEMPATH\Exceptions\FrameworkException.php on line 33.
 1 SYSTEMPATH\View\View.php(201): CodeIgniter\Exceptions\FrameworkException::forInvalidFile('errors/html/error_401.php')
 2 SYSTEMPATH\Common.php(1134): CodeIgniter\View\View->render('errors/html/error_401', [], true)
 3 APPPATH\Controllers\Visiteur.php(42): view('errors/html/error_401')
 4 APPPATH\Controllers\Visiteur.php(98): App\Controllers\Visiteur->unauthorizedAccess()
 5 SYSTEMPATH\CodeIgniter.php(927): App\Controllers\Visiteur->signeMaFiche('202310')
 6 SYSTEMPATH\CodeIgniter.php(482): CodeIgniter\CodeIgniter->runController(Object(App\Controllers\Visiteur))
 7 SYSTEMPATH\CodeIgniter.php(351): CodeIgniter\CodeIgniter->handleRequest(null, Object(Config\Cache), false)
 8 FCPATH\index.php(67): CodeIgniter\CodeIgniter->run()
CRITICAL - 2024-03-12 09:00:33 --> Undefined property: App\Controllers\Visiteur::$session
in APPPATH\Controllers\Visiteur.php on line 23.
 1 APPPATH\Controllers\Visiteur.php(23): CodeIgniter\Debug\Exceptions->errorHandler(2, 'Undefined property: App\\Controllers\\Visiteur::$session', 'APPPATH\\Controllers\\Visiteur.php', 23)
 2 APPPATH\Controllers\Visiteur.php(68): App\Controllers\Visiteur->checkAuth()
 3 SYSTEMPATH\CodeIgniter.php(927): App\Controllers\Visiteur->seDeconnecter()
 4 SYSTEMPATH\CodeIgniter.php(482): CodeIgniter\CodeIgniter->runController(Object(App\Controllers\Visiteur))
 5 SYSTEMPATH\CodeIgniter.php(351): CodeIgniter\CodeIgniter->handleRequest(null, Object(Config\Cache), false)
 6 FCPATH\index.php(67): CodeIgniter\CodeIgniter->run()
CRITICAL - 2024-03-12 09:01:03 --> Invalid file: errors/html/error_401.php
in SYSTEMPATH\Exceptions\FrameworkException.php on line 33.
 1 SYSTEMPATH\View\View.php(201): CodeIgniter\Exceptions\FrameworkException::forInvalidFile('errors/html/error_401.php')
 2 SYSTEMPATH\Common.php(1134): CodeIgniter\View\View->render('errors/html/error_401', [], true)
 3 APPPATH\Controllers\Visiteur.php(42): view('errors/html/error_401')
 4 APPPATH\Controllers\Visiteur.php(68): App\Controllers\Visiteur->unauthorizedAccess()
 5 SYSTEMPATH\CodeIgniter.php(927): App\Controllers\Visiteur->seDeconnecter()
 6 SYSTEMPATH\CodeIgniter.php(482): CodeIgniter\CodeIgniter->runController(Object(App\Controllers\Visiteur))
 7 SYSTEMPATH\CodeIgniter.php(351): CodeIgniter\CodeIgniter->handleRequest(null, Object(Config\Cache), false)
 8 FCPATH\index.php(67): CodeIgniter\CodeIgniter->run()
CRITICAL - 2024-03-12 09:01:12 --> Undefined property: App\Controllers\Anonyme::$session
in APPPATH\Controllers\Anonyme.php on line 16.
 1 APPPATH\Controllers\Anonyme.php(16): CodeIgniter\Debug\Exceptions->errorHandler(2, 'Undefined property: App\\Controllers\\Anonyme::$session', 'APPPATH\\Controllers\\Anonyme.php', 16)
 2 SYSTEMPATH\CodeIgniter.php(927): App\Controllers\Anonyme->index()
 3 SYSTEMPATH\CodeIgniter.php(482): CodeIgniter\CodeIgniter->runController(Object(App\Controllers\Anonyme))
 4 SYSTEMPATH\CodeIgniter.php(351): CodeIgniter\CodeIgniter->handleRequest(null, Object(Config\Cache), false)
 5 FCPATH\index.php(67): CodeIgniter\CodeIgniter->run()
CRITICAL - 2024-03-12 09:04:39 --> syntax error, unexpected token "}", expecting ";"
in APPPATH\Models\Authentif.php on line 75.
 1 SYSTEMPATH\Autoloader\Autoloader.php(259): CodeIgniter\Autoloader\Autoloader->includeFile('APPPATH\\Models\\Authentif.php')
 2 SYSTEMPATH\Autoloader\Autoloader.php(237): CodeIgniter\Autoloader\Autoloader->loadInNamespace('App\\Models\\Authentif')
 3 APPPATH\Controllers\Anonyme.php(10): CodeIgniter\Autoloader\Autoloader->loadClass('App\\Models\\Authentif')
 4 SYSTEMPATH\CodeIgniter.php(927): App\Controllers\Anonyme->index()
 5 SYSTEMPATH\CodeIgniter.php(482): CodeIgniter\CodeIgniter->runController(Object(App\Controllers\Anonyme))
 6 SYSTEMPATH\CodeIgniter.php(351): CodeIgniter\CodeIgniter->handleRequest(null, Object(Config\Cache), false)
 7 FCPATH\index.php(67): CodeIgniter\CodeIgniter->run()
CRITICAL - 2024-03-12 09:04:52 --> Undefined property: App\Controllers\Anonyme::$session
in APPPATH\Controllers\Anonyme.php on line 16.
 1 APPPATH\Controllers\Anonyme.php(16): CodeIgniter\Debug\Exceptions->errorHandler(2, 'Undefined property: App\\Controllers\\Anonyme::$session', 'APPPATH\\Controllers\\Anonyme.php', 16)
 2 SYSTEMPATH\CodeIgniter.php(927): App\Controllers\Anonyme->index()
 3 SYSTEMPATH\CodeIgniter.php(482): CodeIgniter\CodeIgniter->runController(Object(App\Controllers\Anonyme))
 4 SYSTEMPATH\CodeIgniter.php(351): CodeIgniter\CodeIgniter->handleRequest(null, Object(Config\Cache), false)
 5 FCPATH\index.php(67): CodeIgniter\CodeIgniter->run()
CRITICAL - 2024-03-12 09:05:22 --> Invalid file: errors/html/error_401.php
in SYSTEMPATH\Exceptions\FrameworkException.php on line 33.
 1 SYSTEMPATH\View\View.php(201): CodeIgniter\Exceptions\FrameworkException::forInvalidFile('errors/html/error_401.php')
 2 SYSTEMPATH\Common.php(1134): CodeIgniter\View\View->render('errors/html/error_401', [], true)
 3 APPPATH\Controllers\Visiteur.php(42): view('errors/html/error_401')
 4 APPPATH\Controllers\Visiteur.php(49): App\Controllers\Visiteur->unauthorizedAccess()
 5 SYSTEMPATH\CodeIgniter.php(927): App\Controllers\Visiteur->index()
 6 SYSTEMPATH\CodeIgniter.php(482): CodeIgniter\CodeIgniter->runController(Object(App\Controllers\Visiteur))
 7 SYSTEMPATH\CodeIgniter.php(351): CodeIgniter\CodeIgniter->handleRequest(null, Object(Config\Cache), false)
 8 FCPATH\index.php(67): CodeIgniter\CodeIgniter->run()
CRITICAL - 2024-03-12 11:05:01 --> Invalid file: errors/html/error_401.php
in SYSTEMPATH\Exceptions\FrameworkException.php on line 33.
 1 SYSTEMPATH\View\View.php(201): CodeIgniter\Exceptions\FrameworkException::forInvalidFile('errors/html/error_401.php')
 2 SYSTEMPATH\Common.php(1134): CodeIgniter\View\View->render('errors/html/error_401', [], true)
 3 APPPATH\Controllers\Visiteur.php(46): view('errors/html/error_401')
 4 APPPATH\Controllers\Visiteur.php(53): App\Controllers\Visiteur->unauthorizedAccess()
 5 SYSTEMPATH\CodeIgniter.php(927): App\Controllers\Visiteur->index()
 6 SYSTEMPATH\CodeIgniter.php(482): CodeIgniter\CodeIgniter->runController(Object(App\Controllers\Visiteur))
 7 SYSTEMPATH\CodeIgniter.php(351): CodeIgniter\CodeIgniter->handleRequest(null, Object(Config\Cache), false)
 8 FCPATH\index.php(67): CodeIgniter\CodeIgniter->run()
CRITICAL - 2024-03-12 11:05:54 --> Invalid file: errors/html/error_401.php
in SYSTEMPATH\Exceptions\FrameworkException.php on line 33.
 1 SYSTEMPATH\View\View.php(201): CodeIgniter\Exceptions\FrameworkException::forInvalidFile('errors/html/error_401.php')
 2 SYSTEMPATH\Common.php(1134): CodeIgniter\View\View->render('errors/html/error_401', [], true)
 3 APPPATH\Controllers\Visiteur.php(46): view('errors/html/error_401')
 4 APPPATH\Controllers\Visiteur.php(53): App\Controllers\Visiteur->unauthorizedAccess()
 5 SYSTEMPATH\CodeIgniter.php(927): App\Controllers\Visiteur->index()
 6 SYSTEMPATH\CodeIgniter.php(482): CodeIgniter\CodeIgniter->runController(Object(App\Controllers\Visiteur))
 7 SYSTEMPATH\CodeIgniter.php(351): CodeIgniter\CodeIgniter->handleRequest(null, Object(Config\Cache), false)
 8 FCPATH\index.php(67): CodeIgniter\CodeIgniter->run()
CRITICAL - 2024-03-12 11:06:00 --> Invalid file: errors/html/error_401.php
in SYSTEMPATH\Exceptions\FrameworkException.php on line 33.
 1 SYSTEMPATH\View\View.php(201): CodeIgniter\Exceptions\FrameworkException::forInvalidFile('errors/html/error_401.php')
 2 SYSTEMPATH\Common.php(1134): CodeIgniter\View\View->render('errors/html/error_401', [], true)
 3 APPPATH\Controllers\Visiteur.php(46): view('errors/html/error_401')
 4 APPPATH\Controllers\Visiteur.php(72): App\Controllers\Visiteur->unauthorizedAccess()
 5 SYSTEMPATH\CodeIgniter.php(927): App\Controllers\Visiteur->seDeconnecter()
 6 SYSTEMPATH\CodeIgniter.php(482): CodeIgniter\CodeIgniter->runController(Object(App\Controllers\Visiteur))
 7 SYSTEMPATH\CodeIgniter.php(351): CodeIgniter\CodeIgniter->handleRequest(null, Object(Config\Cache), false)
 8 FCPATH\index.php(67): CodeIgniter\CodeIgniter->run()
CRITICAL - 2024-03-12 11:12:40 --> Invalid file: errors/html/error_401.php
in SYSTEMPATH\Exceptions\FrameworkException.php on line 33.
 1 SYSTEMPATH\View\View.php(201): CodeIgniter\Exceptions\FrameworkException::forInvalidFile('errors/html/error_401.php')
 2 SYSTEMPATH\Common.php(1134): CodeIgniter\View\View->render('errors/html/error_401', [], true)
 3 APPPATH\Controllers\Visiteur.php(46): view('errors/html/error_401')
 4 APPPATH\Controllers\Visiteur.php(72): App\Controllers\Visiteur->unauthorizedAccess()
 5 SYSTEMPATH\CodeIgniter.php(927): App\Controllers\Visiteur->seDeconnecter()
 6 SYSTEMPATH\CodeIgniter.php(482): CodeIgniter\CodeIgniter->runController(Object(App\Controllers\Visiteur))
 7 SYSTEMPATH\CodeIgniter.php(351): CodeIgniter\CodeIgniter->handleRequest(null, Object(Config\Cache), false)
 8 FCPATH\index.php(67): CodeIgniter\CodeIgniter->run()
CRITICAL - 2024-03-12 11:12:50 --> Invalid file: errors/html/error_401.php
in SYSTEMPATH\Exceptions\FrameworkException.php on line 33.
 1 SYSTEMPATH\View\View.php(201): CodeIgniter\Exceptions\FrameworkException::forInvalidFile('errors/html/error_401.php')
 2 SYSTEMPATH\Common.php(1134): CodeIgniter\View\View->render('errors/html/error_401', [], true)
 3 APPPATH\Controllers\Visiteur.php(46): view('errors/html/error_401')
 4 APPPATH\Controllers\Visiteur.php(72): App\Controllers\Visiteur->unauthorizedAccess()
 5 SYSTEMPATH\CodeIgniter.php(927): App\Controllers\Visiteur->seDeconnecter()
 6 SYSTEMPATH\CodeIgniter.php(482): CodeIgniter\CodeIgniter->runController(Object(App\Controllers\Visiteur))
 7 SYSTEMPATH\CodeIgniter.php(351): CodeIgniter\CodeIgniter->handleRequest(null, Object(Config\Cache), false)
 8 FCPATH\index.php(67): CodeIgniter\CodeIgniter->run()
CRITICAL - 2024-03-12 11:13:00 --> Invalid file: errors/html/error_401.php
in SYSTEMPATH\Exceptions\FrameworkException.php on line 33.
 1 SYSTEMPATH\View\View.php(201): CodeIgniter\Exceptions\FrameworkException::forInvalidFile('errors/html/error_401.php')
 2 SYSTEMPATH\Common.php(1134): CodeIgniter\View\View->render('errors/html/error_401', [], true)
 3 APPPATH\Controllers\Visiteur.php(46): view('errors/html/error_401')
 4 APPPATH\Controllers\Visiteur.php(72): App\Controllers\Visiteur->unauthorizedAccess()
 5 SYSTEMPATH\CodeIgniter.php(927): App\Controllers\Visiteur->seDeconnecter()
 6 SYSTEMPATH\CodeIgniter.php(482): CodeIgniter\CodeIgniter->runController(Object(App\Controllers\Visiteur))
 7 SYSTEMPATH\CodeIgniter.php(351): CodeIgniter\CodeIgniter->handleRequest(null, Object(Config\Cache), false)
 8 FCPATH\index.php(67): CodeIgniter\CodeIgniter->run()
CRITICAL - 2024-03-12 11:13:11 --> Invalid file: errors/html/error_401.php
in SYSTEMPATH\Exceptions\FrameworkException.php on line 33.
 1 SYSTEMPATH\View\View.php(201): CodeIgniter\Exceptions\FrameworkException::forInvalidFile('errors/html/error_401.php')
 2 SYSTEMPATH\Common.php(1134): CodeIgniter\View\View->render('errors/html/error_401', [], true)
 3 APPPATH\Controllers\Visiteur.php(46): view('errors/html/error_401')
 4 APPPATH\Controllers\Visiteur.php(72): App\Controllers\Visiteur->unauthorizedAccess()
 5 SYSTEMPATH\CodeIgniter.php(927): App\Controllers\Visiteur->seDeconnecter()
 6 SYSTEMPATH\CodeIgniter.php(482): CodeIgniter\CodeIgniter->runController(Object(App\Controllers\Visiteur))
 7 SYSTEMPATH\CodeIgniter.php(351): CodeIgniter\CodeIgniter->handleRequest(null, Object(Config\Cache), false)
 8 FCPATH\index.php(67): CodeIgniter\CodeIgniter->run()
CRITICAL - 2024-03-12 11:14:58 --> Invalid file: errors/html/error_401.php
in SYSTEMPATH\Exceptions\FrameworkException.php on line 33.
 1 SYSTEMPATH\View\View.php(201): CodeIgniter\Exceptions\FrameworkException::forInvalidFile('errors/html/error_401.php')
 2 SYSTEMPATH\Common.php(1134): CodeIgniter\View\View->render('errors/html/error_401', [], true)
 3 APPPATH\Controllers\Visiteur.php(46): view('errors/html/error_401')
 4 APPPATH\Controllers\Visiteur.php(72): App\Controllers\Visiteur->unauthorizedAccess()
 5 SYSTEMPATH\CodeIgniter.php(927): App\Controllers\Visiteur->seDeconnecter()
 6 SYSTEMPATH\CodeIgniter.php(482): CodeIgniter\CodeIgniter->runController(Object(App\Controllers\Visiteur))
 7 SYSTEMPATH\CodeIgniter.php(351): CodeIgniter\CodeIgniter->handleRequest(null, Object(Config\Cache), false)
 8 FCPATH\index.php(67): CodeIgniter\CodeIgniter->run()
CRITICAL - 2024-03-12 11:15:01 --> Invalid file: errors/html/error_401.php
in SYSTEMPATH\Exceptions\FrameworkException.php on line 33.
 1 SYSTEMPATH\View\View.php(201): CodeIgniter\Exceptions\FrameworkException::forInvalidFile('errors/html/error_401.php')
 2 SYSTEMPATH\Common.php(1134): CodeIgniter\View\View->render('errors/html/error_401', [], true)
 3 APPPATH\Controllers\Visiteur.php(46): view('errors/html/error_401')
 4 APPPATH\Controllers\Visiteur.php(72): App\Controllers\Visiteur->unauthorizedAccess()
 5 SYSTEMPATH\CodeIgniter.php(927): App\Controllers\Visiteur->seDeconnecter()
 6 SYSTEMPATH\CodeIgniter.php(482): CodeIgniter\CodeIgniter->runController(Object(App\Controllers\Visiteur))
 7 SYSTEMPATH\CodeIgniter.php(351): CodeIgniter\CodeIgniter->handleRequest(null, Object(Config\Cache), false)
 8 FCPATH\index.php(67): CodeIgniter\CodeIgniter->run()
